<?xml version="1.0" encoding="UTF-8"?>
<!-- Generated by org.testng.reporters.JUnitReportReporter -->
<testsuite skipped="0" hostname="HCL-XYP70YF5PF" name="HomePageTest" tests="1" failures="0" timestamp="2022-06-12T15:06:59 EDT" time="0.005" errors="0">
  <testcase name="hpInstance" time="0.005" classname="HomePageTest"/>
  <system-out/>
</testsuite> <!-- HomePageTest -->
